<?xml version="1.0" encoding="UTF-8"?>
<!-- Generated by org.testng.reporters.JUnitXMLReporter -->
<testsuite ignored="0" hostname="DESKTOP-G381AI6" failures="1" tests="2" name="Test" time="15.343" errors="0" timestamp="2024-10-17T20:57:36 IST">
  <testcase classname="Package123.AssertionTest" name="assertTest" time="7.646"/>
  <testcase classname="Package123.AssertionTest" name="assertTest1" time="7.62">
    <failure type="java.lang.AssertionError" message="expected [https://www.selenium.d] but found [https://www.selenium.dev/]">
      <![CDATA[java.lang.AssertionError: expected [https://www.selenium.d] but found [https://www.selenium.dev/]
at Package123.AssertionTest.assertTest1(AssertionTest.java:32)
at java.base/java.util.ArrayList.forEach(ArrayList.java:1511)
... Removed 33 stack frames]]>
    </failure>
  </testcase> <!-- assertTest1 -->
</testsuite> <!-- Test -->
